<?xml version="1.0" encoding="UTF-8"?>
<testng-results skipped="0" failed="0" total="1" passed="1">
  <reporter-output>
  </reporter-output>
  <suite name="Suite" duration-ms="4930" started-at="2018-11-20T15:32:58Z" finished-at="2018-11-20T15:33:03Z">
    <groups>
    </groups>
    <test name="Test" duration-ms="4930" started-at="2018-11-20T15:32:58Z" finished-at="2018-11-20T15:33:03Z">
      <class name="com.ttn.allyoApi.Test.MTrurkApiTest">
        <test-method status="PASS" signature="beforeSuite()" name="beforeSuite" is-config="true" duration-ms="160" started-at="2018-11-20T15:32:58Z" finished-at="2018-11-20T15:32:58Z">
        </test-method>
        <test-method status="PASS" signature="beforeTest()" name="beforeTest" is-config="true" duration-ms="0" started-at="2018-11-20T15:32:58Z" finished-at="2018-11-20T15:32:58Z">
        </test-method>
        <test-method status="PASS" signature="beforeMethod(java.lang.reflect.Method)" name="beforeMethod" is-config="true" duration-ms="4" started-at="2018-11-20T15:32:58Z" finished-at="2018-11-20T15:32:58Z">
          <params>
            <param index="0">
              <value>
                <![CDATA[public void com.ttn.allyoApi.Test.MTrurkApiTest.MTurk_test1()]]>
              </value>
            </param>
          </params>
        </test-method>
        <test-method status="PASS" signature="MTurk_test1()" name="MTurk_test1" duration-ms="4567" started-at="2018-11-20T15:32:58Z" finished-at="2018-11-20T15:33:03Z">
        </test-method>
        <test-method status="PASS" signature="afterMethod()" name="afterMethod" is-config="true" duration-ms="355" started-at="2018-11-20T15:33:03Z" finished-at="2018-11-20T15:33:03Z">
        </test-method>
        <test-method status="PASS" signature="afterTest()" name="afterTest" is-config="true" duration-ms="0" started-at="2018-11-20T15:33:03Z" finished-at="2018-11-20T15:33:03Z">
        </test-method>
        <test-method status="PASS" signature="afterSuite()" name="afterSuite" is-config="true" duration-ms="80" started-at="2018-11-20T15:33:03Z" finished-at="2018-11-20T15:33:03Z">
        </test-method>
      </class>
    </test>
  </suite>
</testng-results>
